{"/Users/ym/code/default-app-name/libraries/configuration-provider/configuration-provider.ts": {"path":"/Users/ym/code/default-app-name/libraries/configuration-provider/configuration-provider.ts","all":false,"statementMap":{"0":{"start":{"line":1,"column":0},"end":{"line":1,"column":30}},"1":{"start":{"line":2,"column":0},"end":{"line":2,"column":0}},"2":{"start":{"line":3,"column":0},"end":{"line":3,"column":86}},"3":{"start":{"line":4,"column":0},"end":{"line":4,"column":62}},"4":{"start":{"line":5,"column":0},"end":{"line":5,"column":66}},"5":{"start":{"line":6,"column":0},"end":{"line":6,"column":0}},"6":{"start":{"line":7,"column":0},"end":{"line":7,"column":36}},"7":{"start":{"line":8,"column":0},"end":{"line":8,"column":49}},"8":{"start":{"line":9,"column":0},"end":{"line":9,"column":42}},"9":{"start":{"line":10,"column":0},"end":{"line":10,"column":1}},"10":{"start":{"line":11,"column":0},"end":{"line":11,"column":0}},"11":{"start":{"line":12,"column":0},"end":{"line":12,"column":80}},"12":{"start":{"line":13,"column":0},"end":{"line":13,"column":25}},"13":{"start":{"line":14,"column":0},"end":{"line":14,"column":43}},"14":{"start":{"line":15,"column":0},"end":{"line":15,"column":1}},"15":{"start":{"line":16,"column":0},"end":{"line":16,"column":0}},"16":{"start":{"line":17,"column":0},"end":{"line":17,"column":51}},"17":{"start":{"line":18,"column":0},"end":{"line":18,"column":51}},"18":{"start":{"line":19,"column":0},"end":{"line":19,"column":66}},"19":{"start":{"line":20,"column":0},"end":{"line":20,"column":3}},"20":{"start":{"line":21,"column":0},"end":{"line":21,"column":0}},"21":{"start":{"line":22,"column":0},"end":{"line":22,"column":88}},"22":{"start":{"line":23,"column":0},"end":{"line":23,"column":63}},"23":{"start":{"line":24,"column":0},"end":{"line":24,"column":15}},"24":{"start":{"line":25,"column":0},"end":{"line":25,"column":61}},"25":{"start":{"line":26,"column":0},"end":{"line":26,"column":1}}},"s":{"0":1,"1":1,"2":1,"3":1,"4":1,"5":1,"6":6,"7":6,"8":6,"9":6,"10":1,"11":1,"12":4,"13":4,"14":4,"15":1,"16":4,"17":4,"18":1,"19":1,"20":3,"21":3,"22":3,"23":3,"24":3,"25":3},"branchMap":{"0":{"type":"branch","line":7,"loc":{"start":{"line":7,"column":0},"end":{"line":10,"column":1}},"locations":[{"start":{"line":7,"column":0},"end":{"line":10,"column":1}}]},"1":{"type":"branch","line":13,"loc":{"start":{"line":13,"column":0},"end":{"line":15,"column":1}},"locations":[{"start":{"line":13,"column":0},"end":{"line":15,"column":1}}]},"2":{"type":"branch","line":17,"loc":{"start":{"line":17,"column":0},"end":{"line":26,"column":1}},"locations":[{"start":{"line":17,"column":0},"end":{"line":26,"column":1}}]},"3":{"type":"branch","line":18,"loc":{"start":{"line":18,"column":50},"end":{"line":20,"column":3}},"locations":[{"start":{"line":18,"column":50},"end":{"line":20,"column":3}}]},"4":{"type":"branch","line":21,"loc":{"start":{"line":21,"column":-1},"end":{"line":26,"column":1}},"locations":[{"start":{"line":21,"column":-1},"end":{"line":26,"column":1}}]}},"b":{"0":[6],"1":[4],"2":[4],"3":[1],"4":[3]},"fnMap":{"0":{"name":"initialize","decl":{"start":{"line":7,"column":0},"end":{"line":10,"column":1}},"loc":{"start":{"line":7,"column":0},"end":{"line":10,"column":1}},"line":7},"1":{"name":"reset","decl":{"start":{"line":13,"column":0},"end":{"line":15,"column":1}},"loc":{"start":{"line":13,"column":0},"end":{"line":15,"column":1}},"line":13},"2":{"name":"getValue","decl":{"start":{"line":17,"column":0},"end":{"line":26,"column":1}},"loc":{"start":{"line":17,"column":0},"end":{"line":26,"column":1}},"line":17}},"f":{"0":6,"1":4,"2":4}}
,"/Users/ym/code/default-app-name/libraries/configuration-provider/index.ts": {"path":"/Users/ym/code/default-app-name/libraries/configuration-provider/index.ts","all":false,"statementMap":{"0":{"start":{"line":1,"column":0},"end":{"line":1,"column":41}}},"s":{"0":1},"branchMap":{},"b":{},"fnMap":{},"f":{}}
,"/Users/ym/code/default-app-name/libraries/configuration-provider/.dist/configuration-provider.js": {"path":"/Users/ym/code/default-app-name/libraries/configuration-provider/.dist/configuration-provider.js","all":false,"statementMap":{"0":{"start":{"line":1,"column":0},"end":{"line":1,"column":13}},"1":{"start":{"line":2,"column":0},"end":{"line":2,"column":72}},"2":{"start":{"line":3,"column":0},"end":{"line":3,"column":62}},"3":{"start":{"line":4,"column":0},"end":{"line":4,"column":2}},"4":{"start":{"line":5,"column":0},"end":{"line":5,"column":62}},"5":{"start":{"line":6,"column":0},"end":{"line":6,"column":63}},"6":{"start":{"line":7,"column":0},"end":{"line":7,"column":54}},"7":{"start":{"line":8,"column":0},"end":{"line":8,"column":33}},"8":{"start":{"line":9,"column":0},"end":{"line":9,"column":29}},"9":{"start":{"line":10,"column":0},"end":{"line":10,"column":66}},"10":{"start":{"line":11,"column":0},"end":{"line":11,"column":44}},"11":{"start":{"line":12,"column":0},"end":{"line":12,"column":1}},"12":{"start":{"line":13,"column":0},"end":{"line":13,"column":32}},"13":{"start":{"line":14,"column":0},"end":{"line":14,"column":18}},"14":{"start":{"line":15,"column":0},"end":{"line":15,"column":45}},"15":{"start":{"line":16,"column":0},"end":{"line":16,"column":1}},"16":{"start":{"line":17,"column":0},"end":{"line":17,"column":22}},"17":{"start":{"line":18,"column":0},"end":{"line":18,"column":28}},"18":{"start":{"line":19,"column":0},"end":{"line":19,"column":53}},"19":{"start":{"line":20,"column":0},"end":{"line":20,"column":70}},"20":{"start":{"line":21,"column":0},"end":{"line":21,"column":5}},"21":{"start":{"line":22,"column":0},"end":{"line":22,"column":53}},"22":{"start":{"line":23,"column":0},"end":{"line":23,"column":1}},"23":{"start":{"line":24,"column":0},"end":{"line":24,"column":28}}},"s":{"0":1,"1":1,"2":1,"3":1,"4":1,"5":1,"6":1,"7":1,"8":6,"9":6,"10":6,"11":6,"12":1,"13":4,"14":4,"15":4,"16":1,"17":4,"18":4,"19":1,"20":1,"21":3,"22":4,"23":1},"branchMap":{"0":{"type":"branch","line":1,"loc":{"start":{"line":1,"column":0},"end":{"line":24,"column":28}},"locations":[{"start":{"line":1,"column":0},"end":{"line":24,"column":28}}]},"1":{"type":"branch","line":1,"loc":{"start":{"line":1,"column":0},"end":{"line":24,"column":28}},"locations":[{"start":{"line":1,"column":0},"end":{"line":24,"column":28}}]},"2":{"type":"branch","line":2,"loc":{"start":{"line":2,"column":56},"end":{"line":4,"column":1}},"locations":[{"start":{"line":2,"column":56},"end":{"line":4,"column":1}}]},"3":{"type":"branch","line":3,"loc":{"start":{"line":3,"column":35},"end":{"line":3,"column":40}},"locations":[{"start":{"line":3,"column":35},"end":{"line":3,"column":40}}]},"4":{"type":"branch","line":9,"loc":{"start":{"line":9,"column":0},"end":{"line":12,"column":1}},"locations":[{"start":{"line":9,"column":0},"end":{"line":12,"column":1}}]},"5":{"type":"branch","line":14,"loc":{"start":{"line":14,"column":0},"end":{"line":16,"column":1}},"locations":[{"start":{"line":14,"column":0},"end":{"line":16,"column":1}}]},"6":{"type":"branch","line":18,"loc":{"start":{"line":18,"column":0},"end":{"line":23,"column":1}},"locations":[{"start":{"line":18,"column":0},"end":{"line":23,"column":1}}]},"7":{"type":"branch","line":19,"loc":{"start":{"line":19,"column":52},"end":{"line":21,"column":5}},"locations":[{"start":{"line":19,"column":52},"end":{"line":21,"column":5}}]},"8":{"type":"branch","line":22,"loc":{"start":{"line":22,"column":-1},"end":{"line":23,"column":0}},"locations":[{"start":{"line":22,"column":-1},"end":{"line":23,"column":0}}]}},"b":{"0":[1],"1":[1],"2":[1],"3":[0],"4":[6],"5":[4],"6":[4],"7":[1],"8":[3]},"fnMap":{"0":{"name":"Object.<anonymous>","decl":{"start":{"line":1,"column":0},"end":{"line":24,"column":28}},"loc":{"start":{"line":1,"column":0},"end":{"line":24,"column":28}},"line":1},"1":{"name":"Object.<anonymous>.__importDefault","decl":{"start":{"line":2,"column":56},"end":{"line":4,"column":1}},"loc":{"start":{"line":2,"column":56},"end":{"line":4,"column":1}},"line":2},"2":{"name":"initialize","decl":{"start":{"line":9,"column":0},"end":{"line":12,"column":1}},"loc":{"start":{"line":9,"column":0},"end":{"line":12,"column":1}},"line":9},"3":{"name":"reset","decl":{"start":{"line":14,"column":0},"end":{"line":16,"column":1}},"loc":{"start":{"line":14,"column":0},"end":{"line":16,"column":1}},"line":14},"4":{"name":"getValue","decl":{"start":{"line":18,"column":0},"end":{"line":23,"column":1}},"loc":{"start":{"line":18,"column":0},"end":{"line":23,"column":1}},"line":18}},"f":{"0":1,"1":1,"2":6,"3":4,"4":4}}
,"/Users/ym/code/default-app-name/libraries/configuration-provider/.dist/index.js": {"path":"/Users/ym/code/default-app-name/libraries/configuration-provider/.dist/index.js","all":false,"statementMap":{"0":{"start":{"line":1,"column":0},"end":{"line":1,"column":13}},"1":{"start":{"line":2,"column":0},"end":{"line":2,"column":97}},"2":{"start":{"line":3,"column":0},"end":{"line":3,"column":33}},"3":{"start":{"line":4,"column":0},"end":{"line":4,"column":53}},"4":{"start":{"line":5,"column":0},"end":{"line":5,"column":88}},"5":{"start":{"line":6,"column":0},"end":{"line":6,"column":68}},"6":{"start":{"line":7,"column":0},"end":{"line":7,"column":5}},"7":{"start":{"line":8,"column":0},"end":{"line":8,"column":39}},"8":{"start":{"line":9,"column":0},"end":{"line":9,"column":29}},"9":{"start":{"line":10,"column":0},"end":{"line":10,"column":33}},"10":{"start":{"line":11,"column":0},"end":{"line":11,"column":17}},"11":{"start":{"line":12,"column":0},"end":{"line":12,"column":4}},"12":{"start":{"line":13,"column":0},"end":{"line":13,"column":72}},"13":{"start":{"line":14,"column":0},"end":{"line":14,"column":126}},"14":{"start":{"line":15,"column":0},"end":{"line":15,"column":2}},"15":{"start":{"line":16,"column":0},"end":{"line":16,"column":62}},"16":{"start":{"line":17,"column":0},"end":{"line":17,"column":59}}},"s":{"0":1,"1":1,"2":3,"3":3,"4":3,"5":3,"6":3,"7":3,"8":1,"9":0,"10":0,"11":1,"12":1,"13":1,"14":1,"15":1,"16":1},"branchMap":{"0":{"type":"branch","line":1,"loc":{"start":{"line":1,"column":0},"end":{"line":17,"column":59}},"locations":[{"start":{"line":1,"column":0},"end":{"line":17,"column":59}}]},"1":{"type":"branch","line":1,"loc":{"start":{"line":1,"column":0},"end":{"line":17,"column":59}},"locations":[{"start":{"line":1,"column":0},"end":{"line":17,"column":59}}]},"2":{"type":"branch","line":9,"loc":{"start":{"line":9,"column":3},"end":{"line":12,"column":2}},"locations":[{"start":{"line":9,"column":3},"end":{"line":12,"column":2}}]},"3":{"type":"branch","line":2,"loc":{"start":{"line":2,"column":74},"end":{"line":9,"column":1}},"locations":[{"start":{"line":2,"column":74},"end":{"line":9,"column":1}}]},"4":{"type":"branch","line":5,"loc":{"start":{"line":5,"column":32},"end":{"line":5,"column":47}},"locations":[{"start":{"line":5,"column":32},"end":{"line":5,"column":47}}]},"5":{"type":"branch","line":5,"loc":{"start":{"line":5,"column":64},"end":{"line":5,"column":84}},"locations":[{"start":{"line":5,"column":64},"end":{"line":5,"column":84}}]},"6":{"type":"branch","line":6,"loc":{"start":{"line":6,"column":38},"end":{"line":6,"column":65}},"locations":[{"start":{"line":6,"column":38},"end":{"line":6,"column":65}}]},"7":{"type":"branch","line":9,"loc":{"start":{"line":9,"column":6},"end":{"line":12,"column":1}},"locations":[{"start":{"line":9,"column":6},"end":{"line":12,"column":1}}]},"8":{"type":"branch","line":13,"loc":{"start":{"line":13,"column":50},"end":{"line":15,"column":1}},"locations":[{"start":{"line":13,"column":50},"end":{"line":15,"column":1}}]},"9":{"type":"branch","line":14,"loc":{"start":{"line":14,"column":21},"end":{"line":14,"column":126}},"locations":[{"start":{"line":14,"column":21},"end":{"line":14,"column":126}}]}},"b":{"0":[1],"1":[1],"2":[0],"3":[3],"4":[0],"5":[0],"6":[14],"7":[0],"8":[1],"9":[3]},"fnMap":{"0":{"name":"Object.<anonymous>","decl":{"start":{"line":1,"column":0},"end":{"line":17,"column":59}},"loc":{"start":{"line":1,"column":0},"end":{"line":17,"column":59}},"line":1},"1":{"name":"get","decl":{"start":{"line":6,"column":38},"end":{"line":6,"column":65}},"loc":{"start":{"line":6,"column":38},"end":{"line":6,"column":65}},"line":6},"2":{"name":"Object.<anonymous>.__exportStar","decl":{"start":{"line":13,"column":50},"end":{"line":15,"column":1}},"loc":{"start":{"line":13,"column":50},"end":{"line":15,"column":1}},"line":13}},"f":{"0":1,"1":14,"2":1}}
}
