<?xml version="1.0" encoding="UTF-8"?>
<coverage generated="1666533491505" clover="3.2.0">
  <project timestamp="1666533491505" name="All files">
    <metrics statements="102" coveredstatements="84" conditionals="24" coveredconditionals="17" methods="10" coveredmethods="8" elements="136" coveredelements="109" complexity="0" loc="102" ncloc="102" packages="1" files="1" classes="1"/>
    <file name="index.js" path="/Users/ym/code/default-app-name/libraries/error-handling/.dist/index.js">
      <metrics statements="102" coveredstatements="84" conditionals="24" coveredconditionals="17" methods="10" coveredmethods="8"/>
      <line num="1" count="2" type="cond" truecount="2" falsecount="0"/>
      <line num="2" count="2" type="cond" truecount="1" falsecount="0"/>
      <line num="3" count="72" type="stmt"/>
      <line num="4" count="72" type="stmt"/>
      <line num="5" count="72" type="cond" truecount="0" falsecount="2"/>
      <line num="6" count="72" type="cond" truecount="1" falsecount="0"/>
      <line num="7" count="72" type="stmt"/>
      <line num="8" count="72" type="stmt"/>
      <line num="9" count="2" type="cond" truecount="0" falsecount="1"/>
      <line num="10" count="0" type="stmt"/>
      <line num="11" count="0" type="stmt"/>
      <line num="12" count="2" type="stmt"/>
      <line num="13" count="2" type="cond" truecount="1" falsecount="0"/>
      <line num="14" count="2" type="stmt"/>
      <line num="15" count="2" type="cond" truecount="0" falsecount="1"/>
      <line num="16" count="0" type="stmt"/>
      <line num="17" count="2" type="stmt"/>
      <line num="18" count="2" type="cond" truecount="1" falsecount="0"/>
      <line num="19" count="2" type="cond" truecount="0" falsecount="1"/>
      <line num="20" count="2" type="stmt"/>
      <line num="21" count="2" type="cond" truecount="1" falsecount="0"/>
      <line num="22" count="2" type="stmt"/>
      <line num="23" count="2" type="stmt"/>
      <line num="24" count="2" type="stmt"/>
      <line num="25" count="2" type="stmt"/>
      <line num="26" count="2" type="stmt"/>
      <line num="27" count="2" type="stmt"/>
      <line num="28" count="2" type="stmt"/>
      <line num="29" count="2" type="stmt"/>
      <line num="30" count="2" type="stmt"/>
      <line num="31" count="2" type="cond" truecount="1" falsecount="0"/>
      <line num="32" count="2" type="stmt"/>
      <line num="33" count="2" type="cond" truecount="1" falsecount="0"/>
      <line num="34" count="2" type="stmt"/>
      <line num="35" count="2" type="stmt"/>
      <line num="36" count="2" type="stmt"/>
      <line num="37" count="0" type="stmt"/>
      <line num="38" count="2" type="stmt"/>
      <line num="39" count="2" type="stmt"/>
      <line num="40" count="0" type="stmt"/>
      <line num="41" count="0" type="stmt"/>
      <line num="42" count="2" type="stmt"/>
      <line num="43" count="2" type="stmt"/>
      <line num="44" count="0" type="stmt"/>
      <line num="45" count="0" type="stmt"/>
      <line num="46" count="2" type="stmt"/>
      <line num="47" count="2" type="stmt"/>
      <line num="48" count="2" type="cond" truecount="1" falsecount="0"/>
      <line num="49" count="28" type="stmt"/>
      <line num="50" count="28" type="stmt"/>
      <line num="51" count="28" type="stmt"/>
      <line num="52" count="28" type="stmt"/>
      <line num="53" count="28" type="cond" truecount="0" falsecount="1"/>
      <line num="54" count="0" type="stmt"/>
      <line num="55" count="0" type="stmt"/>
      <line num="56" count="28" type="stmt"/>
      <line num="57" count="28" type="cond" truecount="0" falsecount="1"/>
      <line num="58" count="0" type="stmt"/>
      <line num="59" count="0" type="stmt"/>
      <line num="60" count="0" type="stmt"/>
      <line num="61" count="0" type="stmt"/>
      <line num="62" count="2" type="stmt"/>
      <line num="63" count="2" type="stmt"/>
      <line num="64" count="2" type="stmt"/>
      <line num="65" count="2" type="stmt"/>
      <line num="66" count="0" type="stmt"/>
      <line num="67" count="0" type="stmt"/>
      <line num="68" count="0" type="stmt"/>
      <line num="69" count="0" type="stmt"/>
      <line num="70" count="2" type="stmt"/>
      <line num="71" count="2" type="cond" truecount="1" falsecount="0"/>
      <line num="72" count="28" type="cond" truecount="1" falsecount="0"/>
      <line num="73" count="2" type="stmt"/>
      <line num="74" count="2" type="stmt"/>
      <line num="75" count="28" type="cond" truecount="2" falsecount="0"/>
      <line num="76" count="4" type="stmt"/>
      <line num="77" count="4" type="stmt"/>
      <line num="78" count="4" type="stmt"/>
      <line num="79" count="4" type="stmt"/>
      <line num="80" count="22" type="cond" truecount="1" falsecount="0"/>
      <line num="81" count="22" type="stmt"/>
      <line num="82" count="2" type="stmt"/>
      <line num="83" count="2" type="stmt"/>
      <line num="84" count="2" type="cond" truecount="1" falsecount="0"/>
      <line num="85" count="28" type="stmt"/>
      <line num="86" count="28" type="stmt"/>
      <line num="87" count="28" type="stmt"/>
      <line num="88" count="28" type="stmt"/>
      <line num="89" count="28" type="stmt"/>
      <line num="90" count="28" type="stmt"/>
      <line num="91" count="28" type="stmt"/>
      <line num="92" count="2" type="stmt"/>
      <line num="93" count="2" type="stmt"/>
      <line num="94" count="2" type="stmt"/>
      <line num="95" count="2" type="cond" truecount="1" falsecount="0"/>
      <line num="96" count="28" type="stmt"/>
      <line num="97" count="28" type="stmt"/>
      <line num="98" count="28" type="stmt"/>
      <line num="99" count="28" type="stmt"/>
      <line num="100" count="2" type="stmt"/>
      <line num="101" count="2" type="stmt"/>
      <line num="102" count="2" type="stmt"/>
    </file>
  </project>
</coverage>
