{"/Users/ym/code/default-app-name/libraries/error-handling/.dist/index.js": {"path":"/Users/ym/code/default-app-name/libraries/error-handling/.dist/index.js","all":false,"statementMap":{"0":{"start":{"line":1,"column":0},"end":{"line":1,"column":13}},"1":{"start":{"line":2,"column":0},"end":{"line":2,"column":97}},"2":{"start":{"line":3,"column":0},"end":{"line":3,"column":33}},"3":{"start":{"line":4,"column":0},"end":{"line":4,"column":53}},"4":{"start":{"line":5,"column":0},"end":{"line":5,"column":88}},"5":{"start":{"line":6,"column":0},"end":{"line":6,"column":68}},"6":{"start":{"line":7,"column":0},"end":{"line":7,"column":5}},"7":{"start":{"line":8,"column":0},"end":{"line":8,"column":39}},"8":{"start":{"line":9,"column":0},"end":{"line":9,"column":29}},"9":{"start":{"line":10,"column":0},"end":{"line":10,"column":33}},"10":{"start":{"line":11,"column":0},"end":{"line":11,"column":17}},"11":{"start":{"line":12,"column":0},"end":{"line":12,"column":4}},"12":{"start":{"line":13,"column":0},"end":{"line":13,"column":96}},"13":{"start":{"line":14,"column":0},"end":{"line":14,"column":72}},"14":{"start":{"line":15,"column":0},"end":{"line":15,"column":21}},"15":{"start":{"line":16,"column":0},"end":{"line":16,"column":21}},"16":{"start":{"line":17,"column":0},"end":{"line":17,"column":3}},"17":{"start":{"line":18,"column":0},"end":{"line":18,"column":66}},"18":{"start":{"line":19,"column":0},"end":{"line":19,"column":42}},"19":{"start":{"line":20,"column":0},"end":{"line":20,"column":20}},"20":{"start":{"line":21,"column":0},"end":{"line":21,"column":141}},"21":{"start":{"line":22,"column":0},"end":{"line":22,"column":36}},"22":{"start":{"line":23,"column":0},"end":{"line":23,"column":18}},"23":{"start":{"line":24,"column":0},"end":{"line":24,"column":2}},"24":{"start":{"line":25,"column":0},"end":{"line":25,"column":62}},"25":{"start":{"line":26,"column":0},"end":{"line":26,"column":75}},"26":{"start":{"line":27,"column":0},"end":{"line":27,"column":45}},"27":{"start":{"line":28,"column":0},"end":{"line":28,"column":43}},"28":{"start":{"line":29,"column":0},"end":{"line":29,"column":18}},"29":{"start":{"line":30,"column":0},"end":{"line":30,"column":22}},"30":{"start":{"line":31,"column":0},"end":{"line":31,"column":42}},"31":{"start":{"line":32,"column":0},"end":{"line":32,"column":35}},"32":{"start":{"line":33,"column":0},"end":{"line":33,"column":58}},"33":{"start":{"line":34,"column":0},"end":{"line":34,"column":50}},"34":{"start":{"line":35,"column":0},"end":{"line":35,"column":11}},"35":{"start":{"line":36,"column":0},"end":{"line":36,"column":60}},"36":{"start":{"line":37,"column":0},"end":{"line":37,"column":51}},"37":{"start":{"line":38,"column":0},"end":{"line":38,"column":11}},"38":{"start":{"line":39,"column":0},"end":{"line":39,"column":43}},"39":{"start":{"line":40,"column":0},"end":{"line":40,"column":100}},"40":{"start":{"line":41,"column":0},"end":{"line":41,"column":47}},"41":{"start":{"line":42,"column":0},"end":{"line":42,"column":11}},"42":{"start":{"line":43,"column":0},"end":{"line":43,"column":42}},"43":{"start":{"line":44,"column":0},"end":{"line":44,"column":99}},"44":{"start":{"line":45,"column":0},"end":{"line":45,"column":47}},"45":{"start":{"line":46,"column":0},"end":{"line":46,"column":11}},"46":{"start":{"line":47,"column":0},"end":{"line":47,"column":6}},"47":{"start":{"line":48,"column":0},"end":{"line":48,"column":37}},"48":{"start":{"line":49,"column":0},"end":{"line":49,"column":13}},"49":{"start":{"line":50,"column":0},"end":{"line":50,"column":59}},"50":{"start":{"line":51,"column":0},"end":{"line":51,"column":62}},"51":{"start":{"line":52,"column":0},"end":{"line":52,"column":78}},"52":{"start":{"line":53,"column":0},"end":{"line":53,"column":38}},"53":{"start":{"line":54,"column":0},"end":{"line":54,"column":45}},"54":{"start":{"line":55,"column":0},"end":{"line":55,"column":13}},"55":{"start":{"line":56,"column":0},"end":{"line":56,"column":9}},"56":{"start":{"line":57,"column":0},"end":{"line":57,"column":31}},"57":{"start":{"line":58,"column":0},"end":{"line":58,"column":141}},"58":{"start":{"line":59,"column":0},"end":{"line":59,"column":64}},"59":{"start":{"line":60,"column":0},"end":{"line":60,"column":64}},"60":{"start":{"line":61,"column":0},"end":{"line":61,"column":9}},"61":{"start":{"line":62,"column":0},"end":{"line":62,"column":6}},"62":{"start":{"line":63,"column":0},"end":{"line":63,"column":2}},"63":{"start":{"line":64,"column":0},"end":{"line":64,"column":36}},"64":{"start":{"line":65,"column":0},"end":{"line":65,"column":48}},"65":{"start":{"line":66,"column":0},"end":{"line":66,"column":24}},"66":{"start":{"line":67,"column":0},"end":{"line":67,"column":36}},"67":{"start":{"line":68,"column":0},"end":{"line":68,"column":5}},"68":{"start":{"line":69,"column":0},"end":{"line":69,"column":19}},"69":{"start":{"line":70,"column":0},"end":{"line":70,"column":2}},"70":{"start":{"line":71,"column":0},"end":{"line":71,"column":43}},"71":{"start":{"line":72,"column":0},"end":{"line":72,"column":44}},"72":{"start":{"line":73,"column":0},"end":{"line":73,"column":29}},"73":{"start":{"line":74,"column":0},"end":{"line":74,"column":5}},"74":{"start":{"line":75,"column":0},"end":{"line":75,"column":41}},"75":{"start":{"line":76,"column":0},"end":{"line":76,"column":81}},"76":{"start":{"line":77,"column":0},"end":{"line":77,"column":45}},"77":{"start":{"line":78,"column":0},"end":{"line":78,"column":24}},"78":{"start":{"line":79,"column":0},"end":{"line":79,"column":5}},"79":{"start":{"line":80,"column":0},"end":{"line":80,"column":43}},"80":{"start":{"line":81,"column":0},"end":{"line":81,"column":154}},"81":{"start":{"line":82,"column":0},"end":{"line":82,"column":2}},"82":{"start":{"line":83,"column":0},"end":{"line":83,"column":30}},"83":{"start":{"line":84,"column":0},"end":{"line":84,"column":75}},"84":{"start":{"line":85,"column":0},"end":{"line":85,"column":23}},"85":{"start":{"line":86,"column":0},"end":{"line":86,"column":25}},"86":{"start":{"line":87,"column":0},"end":{"line":87,"column":31}},"87":{"start":{"line":88,"column":0},"end":{"line":88,"column":37}},"88":{"start":{"line":89,"column":0},"end":{"line":89,"column":35}},"89":{"start":{"line":90,"column":0},"end":{"line":90,"column":27}},"90":{"start":{"line":91,"column":0},"end":{"line":91,"column":5}},"91":{"start":{"line":92,"column":0},"end":{"line":92,"column":1}},"92":{"start":{"line":93,"column":0},"end":{"line":93,"column":28}},"93":{"start":{"line":94,"column":0},"end":{"line":94,"column":25}},"94":{"start":{"line":95,"column":0},"end":{"line":95,"column":41}},"95":{"start":{"line":96,"column":0},"end":{"line":96,"column":75}},"96":{"start":{"line":97,"column":0},"end":{"line":97,"column":17}},"97":{"start":{"line":98,"column":0},"end":{"line":98,"column":19}},"98":{"start":{"line":99,"column":0},"end":{"line":99,"column":11}},"99":{"start":{"line":100,"column":0},"end":{"line":100,"column":6}},"100":{"start":{"line":101,"column":0},"end":{"line":101,"column":2}},"101":{"start":{"line":102,"column":0},"end":{"line":102,"column":42}}},"s":{"0":2,"1":2,"2":72,"3":72,"4":72,"5":72,"6":72,"7":72,"8":2,"9":0,"10":0,"11":2,"12":2,"13":2,"14":2,"15":0,"16":2,"17":2,"18":2,"19":2,"20":2,"21":2,"22":2,"23":2,"24":2,"25":2,"26":2,"27":2,"28":2,"29":2,"30":2,"31":2,"32":2,"33":2,"34":2,"35":2,"36":0,"37":2,"38":2,"39":0,"40":0,"41":2,"42":2,"43":0,"44":0,"45":2,"46":2,"47":2,"48":28,"49":28,"50":28,"51":28,"52":28,"53":0,"54":0,"55":28,"56":28,"57":0,"58":0,"59":0,"60":0,"61":2,"62":2,"63":2,"64":2,"65":0,"66":0,"67":0,"68":0,"69":2,"70":2,"71":28,"72":2,"73":2,"74":28,"75":4,"76":4,"77":4,"78":4,"79":22,"80":22,"81":2,"82":2,"83":2,"84":28,"85":28,"86":28,"87":28,"88":28,"89":28,"90":28,"91":2,"92":2,"93":2,"94":2,"95":28,"96":28,"97":28,"98":28,"99":2,"100":2,"101":2},"branchMap":{"0":{"type":"branch","line":1,"loc":{"start":{"line":1,"column":0},"end":{"line":102,"column":42}},"locations":[{"start":{"line":1,"column":0},"end":{"line":102,"column":42}}]},"1":{"type":"branch","line":1,"loc":{"start":{"line":1,"column":0},"end":{"line":102,"column":42}},"locations":[{"start":{"line":1,"column":0},"end":{"line":102,"column":42}}]},"2":{"type":"branch","line":9,"loc":{"start":{"line":9,"column":3},"end":{"line":12,"column":2}},"locations":[{"start":{"line":9,"column":3},"end":{"line":12,"column":2}}]},"3":{"type":"branch","line":15,"loc":{"start":{"line":15,"column":3},"end":{"line":17,"column":1}},"locations":[{"start":{"line":15,"column":3},"end":{"line":17,"column":1}}]},"4":{"type":"branch","line":2,"loc":{"start":{"line":2,"column":74},"end":{"line":9,"column":1}},"locations":[{"start":{"line":2,"column":74},"end":{"line":9,"column":1}}]},"5":{"type":"branch","line":5,"loc":{"start":{"line":5,"column":32},"end":{"line":5,"column":47}},"locations":[{"start":{"line":5,"column":32},"end":{"line":5,"column":47}}]},"6":{"type":"branch","line":5,"loc":{"start":{"line":5,"column":64},"end":{"line":5,"column":84}},"locations":[{"start":{"line":5,"column":64},"end":{"line":5,"column":84}}]},"7":{"type":"branch","line":6,"loc":{"start":{"line":6,"column":38},"end":{"line":6,"column":65}},"locations":[{"start":{"line":6,"column":38},"end":{"line":6,"column":65}}]},"8":{"type":"branch","line":13,"loc":{"start":{"line":13,"column":80},"end":{"line":15,"column":1}},"locations":[{"start":{"line":13,"column":80},"end":{"line":15,"column":1}}]},"9":{"type":"branch","line":18,"loc":{"start":{"line":18,"column":50},"end":{"line":24,"column":1}},"locations":[{"start":{"line":18,"column":50},"end":{"line":24,"column":1}}]},"10":{"type":"branch","line":19,"loc":{"start":{"line":19,"column":31},"end":{"line":19,"column":42}},"locations":[{"start":{"line":19,"column":31},"end":{"line":19,"column":42}}]},"11":{"type":"branch","line":21,"loc":{"start":{"line":21,"column":40},"end":{"line":21,"column":141}},"locations":[{"start":{"line":21,"column":40},"end":{"line":21,"column":141}}]},"12":{"type":"branch","line":31,"loc":{"start":{"line":31,"column":25},"end":{"line":47,"column":5}},"locations":[{"start":{"line":31,"column":25},"end":{"line":47,"column":5}}]},"13":{"type":"branch","line":33,"loc":{"start":{"line":33,"column":40},"end":{"line":35,"column":9}},"locations":[{"start":{"line":33,"column":40},"end":{"line":35,"column":9}}]},"14":{"type":"branch","line":48,"loc":{"start":{"line":48,"column":17},"end":{"line":62,"column":5}},"locations":[{"start":{"line":48,"column":17},"end":{"line":62,"column":5}}]},"15":{"type":"branch","line":53,"loc":{"start":{"line":53,"column":37},"end":{"line":55,"column":13}},"locations":[{"start":{"line":53,"column":37},"end":{"line":55,"column":13}}]},"16":{"type":"branch","line":57,"loc":{"start":{"line":57,"column":8},"end":{"line":61,"column":9}},"locations":[{"start":{"line":57,"column":8},"end":{"line":61,"column":9}}]},"17":{"type":"branch","line":71,"loc":{"start":{"line":71,"column":23},"end":{"line":82,"column":1}},"locations":[{"start":{"line":71,"column":23},"end":{"line":82,"column":1}}]},"18":{"type":"branch","line":72,"loc":{"start":{"line":72,"column":43},"end":{"line":74,"column":5}},"locations":[{"start":{"line":72,"column":43},"end":{"line":74,"column":5}}]},"19":{"type":"branch","line":75,"loc":{"start":{"line":75,"column":-1},"end":{"line":75,"column":40}},"locations":[{"start":{"line":75,"column":-1},"end":{"line":75,"column":40}}]},"20":{"type":"branch","line":75,"loc":{"start":{"line":75,"column":40},"end":{"line":79,"column":5}},"locations":[{"start":{"line":75,"column":40},"end":{"line":79,"column":5}}]},"21":{"type":"branch","line":80,"loc":{"start":{"line":80,"column":-1},"end":{"line":82,"column":0}},"locations":[{"start":{"line":80,"column":-1},"end":{"line":82,"column":0}}]},"22":{"type":"branch","line":84,"loc":{"start":{"line":84,"column":4},"end":{"line":91,"column":5}},"locations":[{"start":{"line":84,"column":4},"end":{"line":91,"column":5}}]},"23":{"type":"branch","line":95,"loc":{"start":{"line":95,"column":16},"end":{"line":100,"column":5}},"locations":[{"start":{"line":95,"column":16},"end":{"line":100,"column":5}}]}},"b":{"0":[2],"1":[2],"2":[0],"3":[0],"4":[72],"5":[0],"6":[0],"7":[22],"8":[2],"9":[2],"10":[0],"11":[72],"12":[2],"13":[2],"14":[28],"15":[0],"16":[0],"17":[28],"18":[2],"19":[26],"20":[4],"21":[22],"22":[28],"23":[28]},"fnMap":{"0":{"name":"Object.<anonymous>","decl":{"start":{"line":1,"column":0},"end":{"line":102,"column":42}},"loc":{"start":{"line":1,"column":0},"end":{"line":102,"column":42}},"line":1},"1":{"name":"get","decl":{"start":{"line":6,"column":38},"end":{"line":6,"column":65}},"loc":{"start":{"line":6,"column":38},"end":{"line":6,"column":65}},"line":6},"2":{"name":"Object.<anonymous>.__setModuleDefault","decl":{"start":{"line":15,"column":5},"end":{"line":17,"column":1}},"loc":{"start":{"line":15,"column":5},"end":{"line":17,"column":1}},"line":15},"3":{"name":"Object.<anonymous>.__importStar","decl":{"start":{"line":18,"column":50},"end":{"line":24,"column":1}},"loc":{"start":{"line":18,"column":50},"end":{"line":24,"column":1}},"line":18},"4":{"name":"listenToErrorEvents","decl":{"start":{"line":31,"column":25},"end":{"line":47,"column":5}},"loc":{"start":{"line":31,"column":25},"end":{"line":47,"column":5}},"line":31},"5":{"name":"handleError","decl":{"start":{"line":48,"column":17},"end":{"line":62,"column":5}},"loc":{"start":{"line":48,"column":17},"end":{"line":62,"column":5}},"line":48},"6":{"name":"terminateHttpServerAndExit","decl":{"start":{"line":65,"column":35},"end":{"line":70,"column":1}},"loc":{"start":{"line":65,"column":35},"end":{"line":70,"column":1}},"line":65},"7":{"name":"normalizeError","decl":{"start":{"line":71,"column":23},"end":{"line":82,"column":1}},"loc":{"start":{"line":71,"column":23},"end":{"line":82,"column":1}},"line":71},"8":{"name":"AppError","decl":{"start":{"line":84,"column":4},"end":{"line":91,"column":5}},"loc":{"start":{"line":84,"column":4},"end":{"line":91,"column":5}},"line":84},"9":{"name":"fireMetric","decl":{"start":{"line":95,"column":16},"end":{"line":100,"column":5}},"loc":{"start":{"line":95,"column":16},"end":{"line":100,"column":5}},"line":95}},"f":{"0":2,"1":22,"2":0,"3":2,"4":2,"5":28,"6":0,"7":28,"8":28,"9":28}}
}
