TN:
SF:.dist/index.js
FN:1,Object.<anonymous>
FN:6,get
FN:15,Object.<anonymous>.__setModuleDefault
FN:18,Object.<anonymous>.__importStar
FN:31,listenToErrorEvents
FN:48,handleError
FN:65,terminateHttpServerAndExit
FN:71,normalizeError
FN:84,AppError
FN:95,fireMetric
FNF:10
FNH:8
FNDA:2,Object.<anonymous>
FNDA:22,get
FNDA:0,Object.<anonymous>.__setModuleDefault
FNDA:2,Object.<anonymous>.__importStar
FNDA:2,listenToErrorEvents
FNDA:28,handleError
FNDA:0,terminateHttpServerAndExit
FNDA:28,normalizeError
FNDA:28,AppError
FNDA:28,fireMetric
DA:1,2
DA:2,2
DA:3,72
DA:4,72
DA:5,72
DA:6,72
DA:7,72
DA:8,72
DA:9,2
DA:10,0
DA:11,0
DA:12,2
DA:13,2
DA:14,2
DA:15,2
DA:16,0
DA:17,2
DA:18,2
DA:19,2
DA:20,2
DA:21,2
DA:22,2
DA:23,2
DA:24,2
DA:25,2
DA:26,2
DA:27,2
DA:28,2
DA:29,2
DA:30,2
DA:31,2
DA:32,2
DA:33,2
DA:34,2
DA:35,2
DA:36,2
DA:37,0
DA:38,2
DA:39,2
DA:40,0
DA:41,0
DA:42,2
DA:43,2
DA:44,0
DA:45,0
DA:46,2
DA:47,2
DA:48,2
DA:49,28
DA:50,28
DA:51,28
DA:52,28
DA:53,28
DA:54,0
DA:55,0
DA:56,28
DA:57,28
DA:58,0
DA:59,0
DA:60,0
DA:61,0
DA:62,2
DA:63,2
DA:64,2
DA:65,2
DA:66,0
DA:67,0
DA:68,0
DA:69,0
DA:70,2
DA:71,2
DA:72,28
DA:73,2
DA:74,2
DA:75,28
DA:76,4
DA:77,4
DA:78,4
DA:79,4
DA:80,22
DA:81,22
DA:82,2
DA:83,2
DA:84,2
DA:85,28
DA:86,28
DA:87,28
DA:88,28
DA:89,28
DA:90,28
DA:91,28
DA:92,2
DA:93,2
DA:94,2
DA:95,2
DA:96,28
DA:97,28
DA:98,28
DA:99,28
DA:100,2
DA:101,2
DA:102,2
LF:102
LH:84
BRDA:1,0,0,2
BRDA:1,1,0,2
BRDA:9,2,0,0
BRDA:15,3,0,0
BRDA:2,4,0,72
BRDA:5,5,0,0
BRDA:5,6,0,0
BRDA:6,7,0,22
BRDA:13,8,0,2
BRDA:18,9,0,2
BRDA:19,10,0,0
BRDA:21,11,0,72
BRDA:31,12,0,2
BRDA:33,13,0,2
BRDA:48,14,0,28
BRDA:53,15,0,0
BRDA:57,16,0,0
BRDA:71,17,0,28
BRDA:72,18,0,2
BRDA:75,19,0,26
BRDA:75,20,0,4
BRDA:80,21,0,22
BRDA:84,22,0,28
BRDA:95,23,0,28
BRF:24
BRH:17
end_of_record
